Getting iPhone Models Sheet...
[31mERROR: Only one instance allowed[0m
Gotten.
refreshing sheet in 30 minutes
Getting iPhone Models Sheet...
Gotten.
refreshing sheet in 30 minutes
Getting iPhone Models Sheet...
Gotten.
refreshing sheet in 30 minutes
Getting iPhone Models Sheet...
Gotten.
refreshing sheet in 30 minutes
Getting iPhone Models Sheet...
Gotten.
refreshing sheet in 30 minutes
Getting iPhone Models Sheet...
Gotten.
refreshing sheet in 30 minutes
Getting iPhone Models Sheet...
Gotten.
refreshing sheet in 30 minutes
Getting iPhone Models Sheet...
Gotten.
refreshing sheet in 30 minutes
Getting iPhone Models Sheet...
Gotten.
refreshing sheet in 30 minutes
Getting iPhone Models Sheet...
Gotten.
refreshing sheet in 30 minutes
Getting iPhone Models Sheet...
Gotten.
refreshing sheet in 30 minutes
Getting iPhone Models Sheet...
Gotten.
refreshing sheet in 30 minutes
Getting iPhone Models Sheet...
Gotten.
refreshing sheet in 30 minutes
Getting iPhone Models Sheet...
Gotten.
refreshing sheet in 30 minutes
Getting iPhone Models Sheet...
Gotten.
refreshing sheet in 30 minutes
Getting iPhone Models Sheet...
Gotten.
refreshing sheet in 30 minutes
Getting iPhone Models Sheet...
Gotten.
refreshing sheet in 30 minutes
Getting iPhone Models Sheet...
Gotten.
refreshing sheet in 30 minutes
Getting iPhone Models Sheet...
Gotten.
refreshing sheet in 30 minutes
Getting iPhone Models Sheet...
Gotten.
refreshing sheet in 30 minutes
Getting iPhone Models Sheet...
Gotten.
refreshing sheet in 30 minutes
Getting iPhone Models Sheet...
Gotten.
refreshing sheet in 30 minutes
Getting iPhone Models Sheet...
Gotten.
refreshing sheet in 30 minutes
Getting iPhone Models Sheet...
Gotten.
refreshing sheet in 30 minutes
Getting iPhone Models Sheet...
Gotten.
refreshing sheet in 30 minutes
Getting iPhone Models Sheet...
Gotten.
refreshing sheet in 30 minutes
Getting iPhone Models Sheet...
Gotten.
refreshing sheet in 30 minutes
Getting iPhone Models Sheet...
Gotten.
refreshing sheet in 30 minutes
Getting iPhone Models Sheet...
Gotten.
refreshing sheet in 30 minutes
Getting iPhone Models Sheet...
Gotten.
refreshing sheet in 30 minutes
Getting iPhone Models Sheet...
Gotten.
refreshing sheet in 30 minutes
Getting iPhone Models Sheet...
Gotten.
refreshing sheet in 30 minutes
Getting iPhone Models Sheet...
Gotten.
refreshing sheet in 30 minutes
Getting iPhone Models Sheet...
Gotten.
refreshing sheet in 30 minutes
Getting iPhone Models Sheet...
Gotten.
refreshing sheet in 30 minutes
Getting iPhone Models Sheet...
Gotten.
refreshing sheet in 30 minutes
Getting iPhone Models Sheet...
Gotten.
refreshing sheet in 30 minutes
Getting iPhone Models Sheet...
Gotten.
refreshing sheet in 30 minutes
Getting iPhone Models Sheet...
Gotten.
refreshing sheet in 30 minutes
Getting iPhone Models Sheet...
Gotten.
refreshing sheet in 30 minutes
Getting iPhone Models Sheet...
Gotten.
refreshing sheet in 30 minutes
Getting iPhone Models Sheet...
Gotten.
refreshing sheet in 30 minutes
Getting iPhone Models Sheet...
Gotten.
refreshing sheet in 30 minutes
Getting iPhone Models Sheet...
Gotten.
refreshing sheet in 30 minutes
Getting iPhone Models Sheet...
Gotten.
refreshing sheet in 30 minutes
Getting iPhone Models Sheet...
Gotten.
refreshing sheet in 30 minutes
Getting iPhone Models Sheet...
Gotten.
refreshing sheet in 30 minutes
Getting iPhone Models Sheet...
Gotten.
refreshing sheet in 30 minutes
Getting iPhone Models Sheet...
Gotten.
refreshing sheet in 30 minutes
Getting iPhone Models Sheet...
Gotten.
refreshing sheet in 30 minutes
Getting iPhone Models Sheet...
Gotten.
refreshing sheet in 30 minutes
Getting iPhone Models Sheet...
Gotten.
refreshing sheet in 30 minutes
Getting iPhone Models Sheet...
Gotten.
refreshing sheet in 30 minutes
Getting iPhone Models Sheet...
Gotten.
refreshing sheet in 30 minutes
Getting iPhone Models Sheet...
Gotten.
refreshing sheet in 30 minutes
Getting iPhone Models Sheet...
Gotten.
refreshing sheet in 30 minutes
Getting iPhone Models Sheet...
Gotten.
refreshing sheet in 30 minutes
Getting iPhone Models Sheet...
Gotten.
refreshing sheet in 30 minutes
Getting iPhone Models Sheet...
Gotten.
refreshing sheet in 30 minutes
Getting iPhone Models Sheet...
Gotten.
refreshing sheet in 30 minutes
Getting iPhone Models Sheet...
Gotten.
refreshing sheet in 30 minutes
Getting iPhone Models Sheet...
Gotten.
refreshing sheet in 30 minutes
Getting iPhone Models Sheet...
Gotten.
refreshing sheet in 30 minutes
Getting iPhone Models Sheet...
Gotten.
refreshing sheet in 30 minutes
Getting iPhone Models Sheet...
Gotten.
refreshing sheet in 30 minutes
Getting iPhone Models Sheet...
Gotten.
refreshing sheet in 30 minutes
Getting iPhone Models Sheet...
Gotten.
refreshing sheet in 30 minutes
Getting iPhone Models Sheet...
Gotten.
refreshing sheet in 30 minutes
Getting iPhone Models Sheet...
Gotten.
refreshing sheet in 30 minutes
Getting iPhone Models Sheet...
Gotten.
refreshing sheet in 30 minutes
Getting iPhone Models Sheet...
Gotten.
refreshing sheet in 30 minutes
Getting iPhone Models Sheet...
Gotten.
refreshing sheet in 30 minutes
Getting iPhone Models Sheet...
Gotten.
refreshing sheet in 30 minutes
Getting iPhone Models Sheet...
Gotten.
refreshing sheet in 30 minutes
Getting iPhone Models Sheet...
Gotten.
refreshing sheet in 30 minutes
Getting iPhone Models Sheet...
Gotten.
refreshing sheet in 30 minutes
Getting iPhone Models Sheet...
Gotten.
refreshing sheet in 30 minutes
Getting iPhone Models Sheet...
Gotten.
refreshing sheet in 30 minutes
Getting iPhone Models Sheet...
Gotten.
refreshing sheet in 30 minutes
Getting iPhone Models Sheet...
Gotten.
refreshing sheet in 30 minutes
Getting iPhone Models Sheet...
Gotten.
refreshing sheet in 30 minutes
Getting iPhone Models Sheet...
Gotten.
refreshing sheet in 30 minutes
Getting iPhone Models Sheet...
Gotten.
refreshing sheet in 30 minutes
Getting iPhone Models Sheet...
Gotten.
refreshing sheet in 30 minutes
Getting iPhone Models Sheet...
Gotten.
refreshing sheet in 30 minutes
Getting iPhone Models Sheet...
Gotten.
refreshing sheet in 30 minutes
Getting iPhone Models Sheet...
Gotten.
refreshing sheet in 30 minutes
Getting iPhone Models Sheet...
Gotten.
refreshing sheet in 30 minutes
Getting iPhone Models Sheet...
Gotten.
refreshing sheet in 30 minutes
Getting iPhone Models Sheet...
Gotten.
refreshing sheet in 30 minutes
Getting iPhone Models Sheet...
Gotten.
refreshing sheet in 30 minutes
Getting iPhone Models Sheet...
Gotten.
refreshing sheet in 30 minutes
Getting iPhone Models Sheet...
Gotten.
refreshing sheet in 30 minutes
Getting iPhone Models Sheet...
Gotten.
refreshing sheet in 30 minutes
Getting iPhone Models Sheet...
Gotten.
refreshing sheet in 30 minutes
Getting iPhone Models Sheet...
Gotten.
refreshing sheet in 30 minutes
Getting iPhone Models Sheet...
Gotten.
refreshing sheet in 30 minutes
Getting iPhone Models Sheet...
Gotten.
refreshing sheet in 30 minutes
Getting iPhone Models Sheet...
Gotten.
refreshing sheet in 30 minutes
Getting iPhone Models Sheet...
Gotten.
refreshing sheet in 30 minutes
Getting iPhone Models Sheet...
Gotten.
refreshing sheet in 30 minutes
Getting iPhone Models Sheet...
Gotten.
refreshing sheet in 30 minutes
Getting iPhone Models Sheet...
Gotten.
refreshing sheet in 30 minutes
Getting iPhone Models Sheet...
Gotten.
refreshing sheet in 30 minutes
Getting iPhone Models Sheet...
Gotten.
refreshing sheet in 30 minutes
Getting iPhone Models Sheet...
Gotten.
refreshing sheet in 30 minutes
Getting iPhone Models Sheet...
Gotten.
refreshing sheet in 30 minutes
Getting iPhone Models Sheet...
Gotten.
refreshing sheet in 30 minutes
Getting iPhone Models Sheet...
Gotten.
refreshing sheet in 30 minutes
Getting iPhone Models Sheet...
Gotten.
refreshing sheet in 30 minutes
Getting iPhone Models Sheet...
Gotten.
refreshing sheet in 30 minutes
Getting iPhone Models Sheet...
Gotten.
refreshing sheet in 30 minutes
Getting iPhone Models Sheet...
Gotten.
refreshing sheet in 30 minutes
Getting iPhone Models Sheet...
Gotten.
refreshing sheet in 30 minutes
Getting iPhone Models Sheet...
Gotten.
refreshing sheet in 30 minutes
Getting iPhone Models Sheet...
Gotten.
refreshing sheet in 30 minutes
Getting iPhone Models Sheet...
Gotten.
refreshing sheet in 30 minutes
Getting iPhone Models Sheet...
Gotten.
refreshing sheet in 30 minutes
Getting iPhone Models Sheet...
Gotten.
refreshing sheet in 30 minutes
Getting iPhone Models Sheet...
Gotten.
refreshing sheet in 30 minutes
Getting iPhone Models Sheet...
Gotten.
refreshing sheet in 30 minutes
Getting iPhone Models Sheet...
Gotten.
refreshing sheet in 30 minutes
Getting iPhone Models Sheet...
Gotten.
refreshing sheet in 30 minutes
Getting iPhone Models Sheet...
Gotten.
refreshing sheet in 30 minutes
Getting iPhone Models Sheet...
Gotten.
refreshing sheet in 30 minutes
Getting iPhone Models Sheet...
Gotten.
refreshing sheet in 30 minutes
Getting iPhone Models Sheet...
Gotten.
refreshing sheet in 30 minutes
Getting iPhone Models Sheet...
Gotten.
refreshing sheet in 30 minutes
Getting iPhone Models Sheet...
Gotten.
refreshing sheet in 30 minutes
Getting iPhone Models Sheet...
Gotten.
refreshing sheet in 30 minutes
Getting iPhone Models Sheet...
Gotten.
refreshing sheet in 30 minutes
Getting iPhone Models Sheet...
Gotten.
refreshing sheet in 30 minutes
Getting iPhone Models Sheet...
Gotten.
refreshing sheet in 30 minutes
Getting iPhone Models Sheet...
Gotten.
refreshing sheet in 30 minutes
Getting iPhone Models Sheet...
Gotten.
refreshing sheet in 30 minutes
Getting iPhone Models Sheet...
Gotten.
refreshing sheet in 30 minutes
Getting iPhone Models Sheet...
Gotten.
refreshing sheet in 30 minutes
Getting iPhone Models Sheet...
Gotten.
refreshing sheet in 30 minutes
Getting iPhone Models Sheet...
Gotten.
refreshing sheet in 30 minutes
Getting iPhone Models Sheet...
Gotten.
refreshing sheet in 30 minutes
Getting iPhone Models Sheet...
Gotten.
refreshing sheet in 30 minutes
Getting iPhone Models Sheet...
Gotten.
refreshing sheet in 30 minutes
Getting iPhone Models Sheet...
Gotten.
refreshing sheet in 30 minutes
Getting iPhone Models Sheet...
Gotten.
refreshing sheet in 30 minutes
Getting iPhone Models Sheet...
Gotten.
refreshing sheet in 30 minutes
Getting iPhone Models Sheet...
Gotten.
refreshing sheet in 30 minutes
Getting iPhone Models Sheet...
Gotten.
refreshing sheet in 30 minutes
Getting iPhone Models Sheet...
Gotten.
refreshing sheet in 30 minutes
Getting iPhone Models Sheet...
Gotten.
refreshing sheet in 30 minutes
Getting iPhone Models Sheet...
Gotten.
refreshing sheet in 30 minutes
Getting iPhone Models Sheet...
Gotten.
refreshing sheet in 30 minutes
Getting iPhone Models Sheet...
Gotten.
refreshing sheet in 30 minutes
Getting iPhone Models Sheet...
Gotten.
refreshing sheet in 30 minutes
Getting iPhone Models Sheet...
Gotten.
refreshing sheet in 30 minutes
Getting iPhone Models Sheet...
Gotten.
refreshing sheet in 30 minutes
Getting iPhone Models Sheet...
Gotten.
refreshing sheet in 30 minutes
Getting iPhone Models Sheet...
Gotten.
refreshing sheet in 30 minutes
Getting iPhone Models Sheet...
Gotten.
refreshing sheet in 30 minutes
Getting iPhone Models Sheet...
Gotten.
refreshing sheet in 30 minutes
Getting iPhone Models Sheet...
Gotten.
refreshing sheet in 30 minutes
Getting iPhone Models Sheet...
Gotten.
refreshing sheet in 30 minutes
Getting iPhone Models Sheet...
Gotten.
refreshing sheet in 30 minutes
Getting iPhone Models Sheet...
Gotten.
refreshing sheet in 30 minutes
Getting iPhone Models Sheet...
Gotten.
refreshing sheet in 30 minutes
Getting iPhone Models Sheet...
Gotten.
refreshing sheet in 30 minutes
Getting iPhone Models Sheet...
Gotten.
refreshing sheet in 30 minutes
Getting iPhone Models Sheet...
Gotten.
refreshing sheet in 30 minutes
Getting iPhone Models Sheet...
Gotten.
refreshing sheet in 30 minutes
Getting iPhone Models Sheet...
Gotten.
refreshing sheet in 30 minutes
Getting iPhone Models Sheet...
Gotten.
refreshing sheet in 30 minutes
Getting iPhone Models Sheet...
Gotten.
refreshing sheet in 30 minutes
Getting iPhone Models Sheet...
Gotten.
refreshing sheet in 30 minutes
Getting iPhone Models Sheet...
Gotten.
refreshing sheet in 30 minutes
Getting iPhone Models Sheet...
Gotten.
refreshing sheet in 30 minutes
Getting iPhone Models Sheet...
Gotten.
refreshing sheet in 30 minutes
Getting iPhone Models Sheet...
Gotten.
refreshing sheet in 30 minutes
Getting iPhone Models Sheet...
Gotten.
refreshing sheet in 30 minutes
Getting iPhone Models Sheet...
Gotten.
refreshing sheet in 30 minutes
Getting iPhone Models Sheet...
Gotten.
refreshing sheet in 30 minutes
Getting iPhone Models Sheet...
Gotten.
refreshing sheet in 30 minutes
Getting iPhone Models Sheet...
Gotten.
refreshing sheet in 30 minutes
Getting iPhone Models Sheet...
Gotten.
refreshing sheet in 30 minutes
Getting iPhone Models Sheet...
Gotten.
refreshing sheet in 30 minutes
Getting iPhone Models Sheet...
Gotten.
refreshing sheet in 30 minutes
Getting iPhone Models Sheet...
Gotten.
refreshing sheet in 30 minutes
Getting iPhone Models Sheet...
Gotten.
refreshing sheet in 30 minutes
Getting iPhone Models Sheet...
Gotten.
refreshing sheet in 30 minutes
Getting iPhone Models Sheet...
Gotten.
refreshing sheet in 30 minutes
Getting iPhone Models Sheet...
Gotten.
refreshing sheet in 30 minutes
Getting iPhone Models Sheet...
Gotten.
refreshing sheet in 30 minutes
Getting iPhone Models Sheet...
Gotten.
refreshing sheet in 30 minutes
Getting iPhone Models Sheet...
Gotten.
refreshing sheet in 30 minutes
Getting iPhone Models Sheet...
Gotten.
refreshing sheet in 30 minutes
Getting iPhone Models Sheet...
Gotten.
refreshing sheet in 30 minutes
Getting iPhone Models Sheet...
Gotten.
refreshing sheet in 30 minutes
Getting iPhone Models Sheet...
Gotten.
refreshing sheet in 30 minutes
Getting iPhone Models Sheet...
Gotten.
refreshing sheet in 30 minutes
Getting iPhone Models Sheet...
Gotten.
refreshing sheet in 30 minutes
Getting iPhone Models Sheet...
Gotten.
refreshing sheet in 30 minutes
Getting iPhone Models Sheet...
Gotten.
refreshing sheet in 30 minutes
Getting iPhone Models Sheet...
Gotten.
refreshing sheet in 30 minutes
Getting iPhone Models Sheet...
Gotten.
refreshing sheet in 30 minutes
Getting iPhone Models Sheet...
Gotten.
refreshing sheet in 30 minutes
Getting iPhone Models Sheet...
Gotten.
refreshing sheet in 30 minutes
Getting iPhone Models Sheet...
Gotten.
refreshing sheet in 30 minutes
Getting iPhone Models Sheet...
Gotten.
refreshing sheet in 30 minutes
Getting iPhone Models Sheet...
Gotten.
refreshing sheet in 30 minutes
Getting iPhone Models Sheet...
Gotten.
refreshing sheet in 30 minutes
Getting iPhone Models Sheet...
Gotten.
refreshing sheet in 30 minutes
Getting iPhone Models Sheet...
Gotten.
refreshing sheet in 30 minutes
Getting iPhone Models Sheet...
Gotten.
refreshing sheet in 30 minutes
Getting iPhone Models Sheet...
Gotten.
refreshing sheet in 30 minutes
Getting iPhone Models Sheet...
Gotten.
refreshing sheet in 30 minutes
Getting iPhone Models Sheet...
Gotten.
refreshing sheet in 30 minutes
Getting iPhone Models Sheet...
Gotten.
refreshing sheet in 30 minutes
Getting iPhone Models Sheet...
Gotten.
refreshing sheet in 30 minutes
Getting iPhone Models Sheet...
Gotten.
refreshing sheet in 30 minutes
Getting iPhone Models Sheet...
Gotten.
refreshing sheet in 30 minutes
Getting iPhone Models Sheet...
Gotten.
refreshing sheet in 30 minutes
Getting iPhone Models Sheet...
Gotten.
refreshing sheet in 30 minutes
Getting iPhone Models Sheet...
Gotten.
refreshing sheet in 30 minutes
Getting iPhone Models Sheet...
Gotten.
refreshing sheet in 30 minutes
Getting iPhone Models Sheet...
Gotten.
refreshing sheet in 30 minutes
Getting iPhone Models Sheet...
Gotten.
refreshing sheet in 30 minutes
Getting iPhone Models Sheet...
Gotten.
refreshing sheet in 30 minutes
Getting iPhone Models Sheet...
Gotten.
refreshing sheet in 30 minutes
Getting iPhone Models Sheet...
Gotten.
refreshing sheet in 30 minutes
Getting iPhone Models Sheet...
Gotten.
refreshing sheet in 30 minutes
Getting iPhone Models Sheet...
Gotten.
refreshing sheet in 30 minutes
Getting iPhone Models Sheet...
Gotten.
refreshing sheet in 30 minutes
Getting iPhone Models Sheet...
Gotten.
refreshing sheet in 30 minutes
Getting iPhone Models Sheet...
Gotten.
refreshing sheet in 30 minutes
Getting iPhone Models Sheet...
Gotten.
refreshing sheet in 30 minutes
Getting iPhone Models Sheet...
Gotten.
refreshing sheet in 30 minutes
Getting iPhone Models Sheet...
Gotten.
refreshing sheet in 30 minutes
Getting iPhone Models Sheet...
Gotten.
refreshing sheet in 30 minutes
Getting iPhone Models Sheet...
Gotten.
refreshing sheet in 30 minutes
Getting iPhone Models Sheet...
Gotten.
refreshing sheet in 30 minutes
Getting iPhone Models Sheet...
Gotten.
refreshing sheet in 30 minutes
Getting iPhone Models Sheet...
Gotten.
refreshing sheet in 30 minutes
Getting iPhone Models Sheet...
Gotten.
refreshing sheet in 30 minutes
Getting iPhone Models Sheet...
Gotten.
refreshing sheet in 30 minutes
Getting iPhone Models Sheet...
Gotten.
refreshing sheet in 30 minutes
Getting iPhone Models Sheet...
Gotten.
refreshing sheet in 30 minutes
Getting iPhone Models Sheet...
Gotten.
refreshing sheet in 30 minutes
Getting iPhone Models Sheet...
Gotten.
refreshing sheet in 30 minutes
Getting iPhone Models Sheet...
Gotten.
refreshing sheet in 30 minutes
Getting iPhone Models Sheet...
Gotten.
refreshing sheet in 30 minutes
Getting iPhone Models Sheet...
Gotten.
refreshing sheet in 30 minutes
Getting iPhone Models Sheet...
Gotten.
refreshing sheet in 30 minutes
Getting iPhone Models Sheet...
Gotten.
refreshing sheet in 30 minutes
Getting iPhone Models Sheet...
Gotten.
refreshing sheet in 30 minutes
Getting iPhone Models Sheet...
Gotten.
refreshing sheet in 30 minutes
Getting iPhone Models Sheet...
Gotten.
refreshing sheet in 30 minutes
Getting iPhone Models Sheet...
Gotten.
refreshing sheet in 30 minutes
Getting iPhone Models Sheet...
Gotten.
refreshing sheet in 30 minutes
Getting iPhone Models Sheet...
Gotten.
refreshing sheet in 30 minutes
Getting iPhone Models Sheet...
Gotten.
refreshing sheet in 30 minutes
incoming request!
incoming request!
Getting iPhone Models Sheet...
incoming request!
incoming request!
Getting iPhone Models Sheet...
Gotten.
refreshing sheet in 30 minutes
incoming request!
incoming request!
incoming request!
incoming request!
incoming request!
Getting iPhone Models Sheet...
Gotten.
refreshing sheet in 30 minutes
Getting iPhone Models Sheet...
Gotten.
refreshing sheet in 30 minutes
Getting iPhone Models Sheet...
Gotten.
refreshing sheet in 30 minutes
Getting iPhone Models Sheet...
Gotten.
refreshing sheet in 30 minutes
Getting iPhone Models Sheet...
Gotten.
refreshing sheet in 30 minutes
Getting iPhone Models Sheet...
Gotten.
refreshing sheet in 30 minutes
Getting iPhone Models Sheet...
Gotten.
refreshing sheet in 30 minutes
Getting iPhone Models Sheet...
Gotten.
refreshing sheet in 30 minutes
Getting iPhone Models Sheet...
Gotten.
refreshing sheet in 30 minutes
Getting iPhone Models Sheet...
Gotten.
refreshing sheet in 30 minutes
Getting iPhone Models Sheet...
Gotten.
refreshing sheet in 30 minutes
Getting iPhone Models Sheet...
Gotten.
refreshing sheet in 30 minutes
Getting iPhone Models Sheet...
Gotten.
refreshing sheet in 30 minutes
Getting iPhone Models Sheet...
Gotten.
refreshing sheet in 30 minutes
Getting iPhone Models Sheet...
Gotten.
refreshing sheet in 30 minutes
Getting iPhone Models Sheet...
Gotten.
refreshing sheet in 30 minutes
Getting iPhone Models Sheet...
Gotten.
refreshing sheet in 30 minutes
Getting iPhone Models Sheet...
Gotten.
refreshing sheet in 30 minutes
Getting iPhone Models Sheet...
Gotten.
refreshing sheet in 30 minutes
Getting iPhone Models Sheet...
Gotten.
refreshing sheet in 30 minutes
Getting iPhone Models Sheet...
Gotten.
refreshing sheet in 30 minutes
Getting iPhone Models Sheet...
Gotten.
refreshing sheet in 30 minutes
Getting iPhone Models Sheet...
Gotten.
refreshing sheet in 30 minutes
Getting iPhone Models Sheet...
Gotten.
refreshing sheet in 30 minutes
Getting iPhone Models Sheet...
Gotten.
refreshing sheet in 30 minutes
Getting iPhone Models Sheet...
Gotten.
refreshing sheet in 30 minutes
Getting iPhone Models Sheet...
Gotten.
refreshing sheet in 30 minutes
Getting iPhone Models Sheet...
Gotten.
refreshing sheet in 30 minutes
Getting iPhone Models Sheet...
Gotten.
refreshing sheet in 30 minutes
Getting iPhone Models Sheet...
Gotten.
refreshing sheet in 30 minutes
Getting iPhone Models Sheet...
Gotten.
refreshing sheet in 30 minutes
Getting iPhone Models Sheet...
Gotten.
refreshing sheet in 30 minutes
Getting iPhone Models Sheet...
Gotten.
refreshing sheet in 30 minutes
Getting iPhone Models Sheet...
fs.js:114
    throw err;
    ^

Error: ENOENT: no such file or directory, open '/etc/letsencrypt/live/bytfix.com-0001/privkey.pem'
    at Object.openSync (fs.js:443:3)
    at Object.readFileSync (fs.js:343:35)
    at Object.<anonymous> (/var/www/bytfix/assets/node/index.js:113:13)
    at Module._compile (internal/modules/cjs/loader.js:778:30)
    at Object.Module._extensions..js (internal/modules/cjs/loader.js:789:10)
    at Module.load (internal/modules/cjs/loader.js:653:32)
    at tryModuleLoad (internal/modules/cjs/loader.js:593:12)
    at Function.Module._load (internal/modules/cjs/loader.js:585:3)
    at Function.Module.runMain (internal/modules/cjs/loader.js:831:12)
    at startup (internal/bootstrap/node.js:283:19)
Getting iPhone Models Sheet...
Gotten.
refreshing sheet in 30 minutes
incoming request!
incoming request!
incoming request!
incoming request!
incoming request!
incoming request!
incoming request!
incoming request!
incoming request!
incoming request!
incoming request!
incoming request!
incoming request!
incoming request!
incoming request!
incoming request!
incoming request!
incoming request!
incoming request!
incoming request!
incoming request!
incoming request!
incoming request!
incoming request!
incoming request!
incoming request!
